2025-07-12 12:06:39,633 - INFO - Logging has started for notebook: 04.1-Training_phasenet.ipynb.
This file is located at: c:\Users\ikahbasi\OneDrive\Applications\GitHub\PhD\Thesis\Training

2025-07-12 12:06:39,633 - INFO - Separator: ++++++++++++++++++++++++++++++++++++++++++++++++++++++++++++++++++++++++++++++++
2025-07-12 12:06:39,644 - INFO - Configuration File:
dataset:
  parameters:
    component_order: ZNE
    dimension_order: CW
    instrument_response: not restituted
    measurement: velocity
    sampling_rate: 100
    unit: counts
  path: F:\DataSets-Local\Merged_All_DataSets_2025-07-10 (Ahar-Ilam-Kaki-Qeshm)
  spliter:
    dev: 0.1
    test: 0.1
    train: 0.8
log:
  filename: now
  filename_prefix: Training_on_Merged_datasets
  filepath: None
  format: '%(asctime)s - %(levelname)s - %(message)s'
  level: INFO
  mode: both
training:
  dataset:
    component_order: ZNE
    dimension_order: CW
    path: C:\Users\ikahbasi\Documents\ikahbasi-PhD\DataSets-Local\Kaki-Dataset_2025-04-23T11-38-30
    sampling_rate: 100
    suffle: true
  hyperparameters:
    batch_size: 256
    epochs_for_each_learning_rate:
    - 1
    - 1
    learning_rates:
    - 1e-2
    - 1e-3
    lr_scheduler:
      ReduceLROnPlateau:
        factor: 0.2
        patience: 3
    manual_seed: 42
    norm: peak
    phases: NPS
  num_workers: 0
  output_model:
    filename_prefix: PhaseNet_Kaki
    filepath: F:\Models\PhaseNet_Trained_single_networks
    version_str: 14040318_1800_PS-Pairs

2025-07-12 12:06:39,653 - INFO - Separator: ++++++++++++++++++++++++++++++++++++++++++++++++++++++++++++++++++++++++++++++++
2025-07-12 12:17:51,568 - INFO - Processor:
The PhaseNet Model are running on GPU
GPU Name: NVIDIA GeForce GTX 750 Ti
Number of GPUs: 1
CUDA available: True

2025-07-12 12:17:51,568 - INFO - Separator: ++++++++++++++++++++++++++++++++++++++++++++++++++++++++++++++++++++++++++++++++
2025-07-12 12:17:59,672 - INFO - Main Learning-Rate: 1e-2
----------------------------------------------------------------------
2025-07-12 12:18:01,488 - INFO - Learning-Rate: 0.01 Epoch: 1
----------------------------------------------------------------------
2025-07-12 12:18:03,635 - INFO - loss: 1.271040  [    0/39713]
2025-07-12 12:18:10,353 - INFO - loss: 0.858213  [ 1280/39713]
2025-07-12 12:18:20,219 - INFO - loss: 0.640406  [ 2560/39713]
2025-07-12 12:18:40,308 - INFO - loss: 0.487570  [ 3840/39713]
2025-07-12 12:18:58,427 - INFO - loss: 0.365386  [ 5120/39713]
