2025-07-12 10:24:20,652 - INFO - Logging has started for notebook: 04.1-Training_phasenet.ipynb.
This file is located at: c:\Users\ikahbasi\OneDrive\Applications\GitHub\PhD\Thesis\Training

2025-07-12 10:24:20,653 - INFO - Separator: ++++++++++++++++++++++++++++++++++++++++++++++++++++++++++++++++++++++++++++++++
2025-07-12 10:24:38,855 - INFO - Configuration File:
log:
  filename: now
  filename_prefix: Training_on_Merged_datasets
  filepath: None
  format: '%(asctime)s - %(levelname)s - %(message)s'
  level: INFO
  mode: both
mk_dataset:
  autolabeling: false
  cut_time:
    after: 25
    before: 5
  filter:
    apply: false
    high: 10
    low: 1
  noisepad:
    after: 0
    apply: false
    before: 0
    std_end: 2
    std_start: 2
  parameters:
    component_order: ZNE
    dimension_order: CW
    instrument_response: not restituted
    measurement: velocity
    sampling_rate: 100
    unit: counts
  path:
    inputs:
      catalog: F:\Catalogs\Ahar.out
      network_details: F:\Network_Details\Ahar.csv
      stream_pattern: '{time.year}/AH/*/HH*.D/*.*.*.*.D.{time.year}.{time.julday:03d}'
      stream_root: F:\Local_Network_Data-SeisComP\Ahar
    outputs:
      dataset: F:\DataSets-Local\Ahar-Dataset_{datetime_str}
      log:
        filename: now
  save_streams: false
  zero_pad:
    after: 0
    before: 0

2025-07-12 10:24:38,858 - INFO - Separator: ++++++++++++++++++++++++++++++++++++++++++++++++++++++++++++++++++++++++++++++++
2025-07-12 10:36:44,878 - INFO - The PhaseNet Model are running on GPU
2025-07-12 10:36:44,895 - INFO - GPU Name: NVIDIA GeForce GTX 750 Ti
2025-07-12 10:36:44,896 - INFO - Number of GPUs: 1
2025-07-12 10:36:44,897 - INFO - CUDA available: True
2025-07-12 10:40:38,877 - INFO - Processor:
The PhaseNet Model are running on GPU
GPU Name: NVIDIA GeForce GTX 750 Ti
Number of GPUs: 1
CUDA available: True

2025-07-12 10:40:38,877 - INFO - Separator: ++++++++++++++++++++++++++++++++++++++++++++++++++++++++++++++++++++++++++++++++
2025-07-12 11:16:15,030 - INFO - Processor:
The PhaseNet Model are running on GPU
GPU Name: NVIDIA GeForce GTX 750 Ti
Number of GPUs: 1
CUDA available: True

2025-07-12 11:16:15,031 - INFO - Separator: ++++++++++++++++++++++++++++++++++++++++++++++++++++++++++++++++++++++++++++++++
2025-07-12 11:16:28,843 - INFO - Main Learning-Rate: 1e-2
----------------------------------------------------------------------
2025-07-12 11:16:31,085 - INFO - Learning-Rate: 0.01 Epoch: 1
----------------------------------------------------------------------
2025-07-12 11:16:36,818 - INFO - loss: 1.270016  [    0/39713]
2025-07-12 11:16:54,656 - INFO - loss: 0.852301  [ 1280/39713]
